#
# A fatal error has been detected by the Java Runtime Environment:
#
#  Internal Error (classFileParser.cpp:3494), pid=6033, tid=3063044928
#  Error: ShouldNotReachHere()
#
# JRE version: 6.0_38-b05
# Java VM: Java HotSpot(TM) Server VM (20.13-b02 mixed mode linux-x86 )
# If you would like to submit a bug report, please visit:
#   http://java.sun.com/webapps/bugreport/crash.jsp
#

---------------  T H R E A D  ---------------

Current thread (0xb6705000):  JavaThread "Unknown thread" [_thread_in_vm, id=6038, stack(0xb68d5000,0xb6926000)]

Stack: [0xb68d5000,0xb6926000],  sp=0xb69247a0,  free space=317k
Native frames: (J=compiled Java code, j=interpreted, Vv=VM code, C=native code)
V  [libjvm.so+0x727960]  VMError::report_and_die()+0x2b0
V  [libjvm.so+0x2f854f]  report_should_not_reach_here(char const*, int)+0x3f
V  [libjvm.so+0x28ea6a]  ClassFileParser::parseClassFile(symbolHandle, Handle, Handle, KlassHandle, GrowableArray<Handle>*, symbolHandle&, bool, Thread*)+0x2d9a
V  [libjvm.so+0x294ab1]  ClassLoader::load_classfile(symbolHandle, Thread*)+0x221
V  [libjvm.so+0x6b6fd2]  SystemDictionary::load_instance_class(symbolHandle, Handle, Thread*)+0xf2
V  [libjvm.so+0x6b506e]  SystemDictionary::resolve_instance_class_or_null(symbolHandle, Handle, Handle, Thread*)+0x55e
V  [libjvm.so+0x6b3e36]  SystemDictionary::resolve_or_null(symbolHandle, Handle, Handle, Thread*)+0x66
V  [libjvm.so+0x6b3aa0]  SystemDictionary::resolve_or_fail(symbolHandle, Handle, Handle, bool, Thread*)+0x30
V  [libjvm.so+0x6b88ba]  SystemDictionary::initialize_wk_klass(SystemDictionary::WKID, int, Thread*)+0x6a
V  [libjvm.so+0x6b894c]  SystemDictionary::initialize_wk_klasses_until(SystemDictionary::WKID, SystemDictionary::WKID&, Thread*)+0x4c
V  [libjvm.so+0x6b8a10]  SystemDictionary::initialize_preloaded_classes(Thread*)+0x70
V  [libjvm.so+0x6b87e1]  SystemDictionary::initialize(Thread*)+0xe1
V  [libjvm.so+0x6ff54a]  Universe::genesis(Thread*)+0x4da
V  [libjvm.so+0x700c1f]  universe2_init()+0x1f
V  [libjvm.so+0x3badc8]  init_globals()+0x98
V  [libjvm.so+0x6e8622]  Threads::create_vm(JavaVMInitArgs*, bool*)+0x242
V  [libjvm.so+0x415ad6]  JNI_CreateJavaVM+0x56
C  [java+0x305c]
C  [java+0x1942]  JavaMain+0x72
C  [libpthread.so.0+0x6d78]  short+0xd8


---------------  P R O C E S S  ---------------

Java Threads: ( => current thread )

Other Threads:

=>0xb6705000 (exited) JavaThread "Unknown thread" [_thread_in_vm, id=6038, stack(0xb68d5000,0xb6926000)]

VM state:not at safepoint (not fully initialized)

VM Mutex/Monitor currently owned by a thread: None

Dynamic libraries:
08048000-08052000 r-xp 00000000 08:05 5375541    /usr/lib/jvm/jdk1.6.0_38/bin/java
08052000-08053000 rwxp 00009000 08:05 5375541    /usr/lib/jvm/jdk1.6.0_38/bin/java
08b85000-08ba6000 rwxp 00000000 00:00 0          [heap]
7083b000-70900000 r-xs 0115c000 08:05 401451     /home/farhan/Eclipse-android/sdk/platforms/android-17/android.jar
70900000-70921000 rwxp 00000000 00:00 0 
70921000-70a00000 ---p 00000000 00:00 0 
70a7f000-70a80000 ---p 00000000 00:00 0 
70a80000-70b00000 rwxp 00000000 00:00 0          [stack:6042]
70b00000-70b21000 rwxp 00000000 00:00 0 
70b21000-70c00000 ---p 00000000 00:00 0 
70c7f000-70c80000 ---p 00000000 00:00 0 
70c80000-70d00000 rwxp 00000000 00:00 0          [stack:6041]
70d00000-70d21000 rwxp 00000000 00:00 0 
70d21000-70e00000 ---p 00000000 00:00 0 
70e7f000-70e80000 ---p 00000000 00:00 0 
70e80000-70f00000 rwxp 00000000 00:00 0          [stack:6040]
70f00000-70f21000 rwxp 00000000 00:00 0 
70f21000-71000000 ---p 00000000 00:00 0 
71061000-71062000 ---p 00000000 00:00 0 
71062000-710f7000 rwxp 00000000 00:00 0          [stack:6039]
710f7000-7122e000 rwxp 00000000 00:00 0 
7122e000-71236000 rwxp 00000000 00:00 0 
71236000-7124e000 rwxp 00000000 00:00 0 
7124e000-71263000 rwxp 00000000 00:00 0 
71263000-71399000 rwxp 00000000 00:00 0 
71399000-713a4000 rwxp 00000000 00:00 0 
713a4000-7143f000 rwxp 00000000 00:00 0 
7143f000-72440000 rwxp 00000000 00:00 0 
72440000-75440000 rwxp 00000000 00:00 0 
75440000-77da0000 rwxp 00000000 00:00 0 
77da0000-9eaf0000 rwxp 00000000 00:00 0 
9eaf0000-9ffa0000 rwxp 00000000 00:00 0 
9ffa0000-b3640000 rwxp 00000000 00:00 0 
b3640000-b3649000 rwxp 00000000 00:00 0 
b3649000-b3700000 rwxp 00000000 00:00 0 
b3700000-b3940000 rwxp 00000000 00:00 0 
b3940000-b6786000 rwxp 00000000 00:00 0 
b6786000-b6800000 ---p 00000000 00:00 0 
b6835000-b683d000 rwxp 00000000 00:00 0 
b683d000-b6855000 rwxp 00000000 00:00 0 
b6855000-b6860000 r-xp 00000000 08:05 1321962    /lib/i386-linux-gnu/libnss_files-2.17.so
b6860000-b6861000 r-xp 0000a000 08:05 1321962    /lib/i386-linux-gnu/libnss_files-2.17.so
b6861000-b6862000 rwxp 0000b000 08:05 1321962    /lib/i386-linux-gnu/libnss_files-2.17.so
b6862000-b686c000 r-xp 00000000 08:05 1327267    /lib/i386-linux-gnu/libnss_nis-2.17.so
b686c000-b686d000 r-xp 00009000 08:05 1327267    /lib/i386-linux-gnu/libnss_nis-2.17.so
b686d000-b686e000 rwxp 0000a000 08:05 1327267    /lib/i386-linux-gnu/libnss_nis-2.17.so
b686e000-b6883000 r-xp 00000000 08:05 1327276    /lib/i386-linux-gnu/libnsl-2.17.so
b6883000-b6884000 r-xp 00014000 08:05 1327276    /lib/i386-linux-gnu/libnsl-2.17.so
b6884000-b6885000 rwxp 00015000 08:05 1327276    /lib/i386-linux-gnu/libnsl-2.17.so
b6885000-b6887000 rwxp 00000000 00:00 0 
b6895000-b68a4000 r-xp 00000000 08:05 5374267    /usr/lib/jvm/jdk1.6.0_38/jre/lib/i386/libzip.so
b68a4000-b68a6000 rwxp 0000e000 08:05 5374267    /usr/lib/jvm/jdk1.6.0_38/jre/lib/i386/libzip.so
b68a6000-b68ca000 r-xp 00000000 08:05 5374263    /usr/lib/jvm/jdk1.6.0_38/jre/lib/i386/libjava.so
b68ca000-b68cc000 rwxp 00023000 08:05 5374263    /usr/lib/jvm/jdk1.6.0_38/jre/lib/i386/libjava.so
b68cc000-b68d3000 r-xp 00000000 08:05 1310799    /lib/i386-linux-gnu/librt-2.17.so
b68d3000-b68d4000 r-xp 00006000 08:05 1310799    /lib/i386-linux-gnu/librt-2.17.so
b68d4000-b68d5000 rwxp 00007000 08:05 1310799    /lib/i386-linux-gnu/librt-2.17.so
b68d5000-b68d8000 ---p 00000000 00:00 0 
b68d8000-b6926000 rwxp 00000000 00:00 0          [stack:6038]
b6926000-b6967000 r-xp 00000000 08:05 1321960    /lib/i386-linux-gnu/libm-2.17.so
b6967000-b6968000 r-xp 00040000 08:05 1321960    /lib/i386-linux-gnu/libm-2.17.so
b6968000-b6969000 rwxp 00041000 08:05 1321960    /lib/i386-linux-gnu/libm-2.17.so
b6969000-b711e000 r-xp 00000000 08:05 5374251    /usr/lib/jvm/jdk1.6.0_38/jre/lib/i386/server/libjvm.so
b711e000-b7172000 rwxp 007b5000 08:05 5374251    /usr/lib/jvm/jdk1.6.0_38/jre/lib/i386/server/libjvm.so
b7172000-b7591000 rwxp 00000000 00:00 0 
b7591000-b773e000 r-xp 00000000 08:05 1327262    /lib/i386-linux-gnu/libc-2.17.so
b773e000-b7740000 r-xp 001ad000 08:05 1327262    /lib/i386-linux-gnu/libc-2.17.so
b7740000-b7741000 rwxp 001af000 08:05 1327262    /lib/i386-linux-gnu/libc-2.17.so
b7741000-b7744000 rwxp 00000000 00:00 0 
b7744000-b7747000 r-xp 00000000 08:05 1327271    /lib/i386-linux-gnu/libdl-2.17.so
b7747000-b7748000 r-xp 00002000 08:05 1327271    /lib/i386-linux-gnu/libdl-2.17.so
b7748000-b7749000 rwxp 00003000 08:05 1327271    /lib/i386-linux-gnu/libdl-2.17.so
b7749000-b7750000 r-xp 00000000 08:05 5374265    /usr/lib/jvm/jdk1.6.0_38/jre/lib/i386/jli/libjli.so
b7750000-b7752000 rwxp 00006000 08:05 5374265    /usr/lib/jvm/jdk1.6.0_38/jre/lib/i386/jli/libjli.so
b7752000-b7753000 rwxp 00000000 00:00 0 
b7753000-b776a000 r-xp 00000000 08:05 1327266    /lib/i386-linux-gnu/libpthread-2.17.so
b776a000-b776b000 r-xp 00016000 08:05 1327266    /lib/i386-linux-gnu/libpthread-2.17.so
b776b000-b776c000 rwxp 00017000 08:05 1327266    /lib/i386-linux-gnu/libpthread-2.17.so
b776c000-b776e000 rwxp 00000000 00:00 0 
b776e000-b7776000 rwxs 00000000 08:05 4850934    /tmp/hsperfdata_farhan/6033
b7776000-b777d000 r-xp 00000000 08:05 1321958    /lib/i386-linux-gnu/libnss_compat-2.17.so
b777d000-b777e000 r-xp 00006000 08:05 1321958    /lib/i386-linux-gnu/libnss_compat-2.17.so
b777e000-b777f000 rwxp 00007000 08:05 1321958    /lib/i386-linux-gnu/libnss_compat-2.17.so
b777f000-b7780000 rwxp 00000000 00:00 0 
b7780000-b7781000 r-xp 00000000 00:00 0 
b7781000-b778c000 r-xp 00000000 08:05 5374262    /usr/lib/jvm/jdk1.6.0_38/jre/lib/i386/libverify.so
b778c000-b778d000 rwxp 0000b000 08:05 5374262    /usr/lib/jvm/jdk1.6.0_38/jre/lib/i386/libverify.so
b778d000-b778f000 rwxp 00000000 00:00 0 
b778f000-b7790000 r-xp 00000000 00:00 0          [vdso]
b7790000-b77b0000 r-xp 00000000 08:05 1327275    /lib/i386-linux-gnu/ld-2.17.so
b77b0000-b77b1000 r-xp 0001f000 08:05 1327275    /lib/i386-linux-gnu/ld-2.17.so
b77b1000-b77b2000 rwxp 00020000 08:05 1327275    /lib/i386-linux-gnu/ld-2.17.so
bfa27000-bfa48000 rwxp 00000000 00:00 0          [stack]

VM Arguments:
jvm_args: -Dfile.encoding=UTF-8 -Xbootclasspath:/home/farhan/Eclipse-android/sdk/platforms/android-17/android.jar 
java_command: com.prologic.idkey.EulerTest
Launcher Type: SUN_STANDARD

Environment Variables:
PATH=/usr/lib/lightdm/lightdm:/usr/local/sbin:/usr/local/bin:/usr/sbin:/usr/bin:/sbin:/bin:/usr/games:/usr/local/games
LD_LIBRARY_PATH=/usr/lib/jvm/jdk1.6.0_38/jre/lib/i386/server:/usr/lib/jvm/jdk1.6.0_38/jre/lib/i386:/usr/lib/jvm/jdk1.6.0_38/jre/../lib/i386:/usr/lib/jvm/java-7-openjdk-i386/jre/lib/i386/client:/usr/lib/jvm/java-7-openjdk-i386/jre/lib/i386:
SHELL=/bin/bash
DISPLAY=:0

Signal Handlers:
SIGSEGV: [libjvm.so+0x7285c0], sa_mask[0]=0x7ffbfeff, sa_flags=0x10000004
SIGBUS: [libjvm.so+0x7285c0], sa_mask[0]=0x7ffbfeff, sa_flags=0x10000004
SIGFPE: [libjvm.so+0x5e2190], sa_mask[0]=0x7ffbfeff, sa_flags=0x10000004
SIGPIPE: [libjvm.so+0x5e2190], sa_mask[0]=0x7ffbfeff, sa_flags=0x10000004
SIGXFSZ: [libjvm.so+0x5e2190], sa_mask[0]=0x7ffbfeff, sa_flags=0x10000004
SIGILL: [libjvm.so+0x5e2190], sa_mask[0]=0x7ffbfeff, sa_flags=0x10000004
SIGUSR1: SIG_DFL, sa_mask[0]=0x00000000, sa_flags=0x00000000
SIGUSR2: [libjvm.so+0x5e53f0], sa_mask[0]=0x00000004, sa_flags=0x10000004
SIGHUP: SIG_DFL, sa_mask[0]=0x00000000, sa_flags=0x00000000
SIGINT: SIG_DFL, sa_mask[0]=0x00000000, sa_flags=0x00000000
SIGTERM: SIG_DFL, sa_mask[0]=0x00000000, sa_flags=0x00000000
SIGQUIT: SIG_DFL, sa_mask[0]=0x00000000, sa_flags=0x00000000


---------------  S Y S T E M  ---------------

OS:wheezy/sid

uname:Linux 3.8.0-21-generic #32-Ubuntu SMP Tue May 14 22:17:37 UTC 2013 i686
libc:glibc 2.17 NPTL 2.17 
rlimit: STACK 8192k, CORE 0k, NPROC 31620, NOFILE 4096, AS infinity
load average:0.94 0.82 1.14

/proc/meminfo:
MemTotal:        4063836 kB
MemFree:          229628 kB
Buffers:           94812 kB
Cached:           945032 kB
SwapCached:            0 kB
Active:          2591156 kB
Inactive:        1035504 kB
Active(anon):    2265064 kB
Inactive(anon):   705844 kB
Active(file):     326092 kB
Inactive(file):   329660 kB
Unevictable:          80 kB
Mlocked:              80 kB
HighTotal:       3214088 kB
HighFree:          40724 kB
LowTotal:         849748 kB
LowFree:          188904 kB
SwapTotal:       5998588 kB
SwapFree:        5997996 kB
Dirty:              7460 kB
Writeback:             0 kB
AnonPages:       2586656 kB
Mapped:           355600 kB
Shmem:            384016 kB
Slab:             129656 kB
SReclaimable:      97880 kB
SUnreclaim:        31776 kB
KernelStack:        7624 kB
PageTables:        40704 kB
NFS_Unstable:          0 kB
Bounce:                0 kB
WritebackTmp:          0 kB
CommitLimit:     8030504 kB
Committed_AS:   10782256 kB
VmallocTotal:     122880 kB
VmallocUsed:       17072 kB
VmallocChunk:     104352 kB
HardwareCorrupted:     0 kB
AnonHugePages:         0 kB
HugePages_Total:       0
HugePages_Free:        0
HugePages_Rsvd:        0
HugePages_Surp:        0
Hugepagesize:       2048 kB
DirectMap4k:       10232 kB
DirectMap2M:      903168 kB


CPU:total 4 (2 cores per cpu, 2 threads per core) family 6 model 42 stepping 7, cmov, cx8, fxsr, mmx, sse, sse2, sse3, ssse3, sse4.1, sse4.2, popcnt, ht

/proc/cpuinfo:
processor	: 0
vendor_id	: GenuineIntel
cpu family	: 6
model		: 42
model name	: Intel(R) Core(TM) i5-2410M CPU @ 2.30GHz
stepping	: 7
microcode	: 0x14
cpu MHz		: 2301.000
cache size	: 3072 KB
physical id	: 0
siblings	: 4
core id		: 0
cpu cores	: 2
apicid		: 0
initial apicid	: 0
fdiv_bug	: no
hlt_bug		: no
f00f_bug	: no
coma_bug	: no
fpu		: yes
fpu_exception	: yes
cpuid level	: 13
wp		: yes
flags		: fpu vme de pse tsc msr pae mce cx8 apic sep mtrr pge mca cmov pat pse36 clflush dts acpi mmx fxsr sse sse2 ss ht tm pbe nx rdtscp lm constant_tsc arch_perfmon pebs bts xtopology nonstop_tsc aperfmperf eagerfpu pni pclmulqdq dtes64 monitor ds_cpl vmx est tm2 ssse3 cx16 xtpr pdcm pcid sse4_1 sse4_2 x2apic popcnt tsc_deadline_timer xsave avx lahf_lm ida arat epb xsaveopt pln pts dtherm tpr_shadow vnmi flexpriority ept vpid
bogomips	: 4589.86
clflush size	: 64
cache_alignment	: 64
address sizes	: 36 bits physical, 48 bits virtual
power management:

processor	: 1
vendor_id	: GenuineIntel
cpu family	: 6
model		: 42
model name	: Intel(R) Core(TM) i5-2410M CPU @ 2.30GHz
stepping	: 7
microcode	: 0x14
cpu MHz		: 2301.000
cache size	: 3072 KB
physical id	: 0
siblings	: 4
core id		: 0
cpu cores	: 2
apicid		: 1
initial apicid	: 1
fdiv_bug	: no
hlt_bug		: no
f00f_bug	: no
coma_bug	: no
fpu		: yes
fpu_exception	: yes
cpuid level	: 13
wp		: yes
flags		: fpu vme de pse tsc msr pae mce cx8 apic sep mtrr pge mca cmov pat pse36 clflush dts acpi mmx fxsr sse sse2 ss ht tm pbe nx rdtscp lm constant_tsc arch_perfmon pebs bts xtopology nonstop_tsc aperfmperf eagerfpu pni pclmulqdq dtes64 monitor ds_cpl vmx est tm2 ssse3 cx16 xtpr pdcm pcid sse4_1 sse4_2 x2apic popcnt tsc_deadline_timer xsave avx lahf_lm ida arat epb xsaveopt pln pts dtherm tpr_shadow vnmi flexpriority ept vpid
bogomips	: 4589.86
clflush size	: 64
cache_alignment	: 64
address sizes	: 36 bits physical, 48 bits virtual
power management:

processor	: 2
vendor_id	: GenuineIntel
cpu family	: 6
model		: 42
model name	: Intel(R) Core(TM) i5-2410M CPU @ 2.30GHz
stepping	: 7
microcode	: 0x14
cpu MHz		: 2300.000
cache size	: 3072 KB
physical id	: 0
siblings	: 4
core id		: 1
cpu cores	: 2
apicid		: 2
initial apicid	: 2
fdiv_bug	: no
hlt_bug		: no
f00f_bug	: no
coma_bug	: no
fpu		: yes
fpu_exception	: yes
cpuid level	: 13
wp		: yes
flags		: fpu vme de pse tsc msr pae mce cx8 apic sep mtrr pge mca cmov pat pse36 clflush dts acpi mmx fxsr sse sse2 ss ht tm pbe nx rdtscp lm constant_tsc arch_perfmon pebs bts xtopology nonstop_tsc aperfmperf eagerfpu pni pclmulqdq dtes64 monitor ds_cpl vmx est tm2 ssse3 cx16 xtpr pdcm pcid sse4_1 sse4_2 x2apic popcnt tsc_deadline_timer xsave avx lahf_lm ida arat epb xsaveopt pln pts dtherm tpr_shadow vnmi flexpriority ept vpid
bogomips	: 4589.86
clflush size	: 64
cache_alignment	: 64
address sizes	: 36 bits physical, 48 bits virtual
power management:

processor	: 3
vendor_id	: GenuineIntel
cpu family	: 6
model		: 42
model name	: Intel(R) Core(TM) i5-2410M CPU @ 2.30GHz
stepping	: 7
microcode	: 0x14
cpu MHz		: 2301.000
cache size	: 3072 KB
physical id	: 0
siblings	: 4
core id		: 1
cpu cores	: 2
apicid		: 3
initial apicid	: 3
fdiv_bug	: no
hlt_bug		: no
f00f_bug	: no
coma_bug	: no
fpu		: yes
fpu_exception	: yes
cpuid level	: 13
wp		: yes
flags		: fpu vme de pse tsc msr pae mce cx8 apic sep mtrr pge mca cmov pat pse36 clflush dts acpi mmx fxsr sse sse2 ss ht tm pbe nx rdtscp lm constant_tsc arch_perfmon pebs bts xtopology nonstop_tsc aperfmperf eagerfpu pni pclmulqdq dtes64 monitor ds_cpl vmx est tm2 ssse3 cx16 xtpr pdcm pcid sse4_1 sse4_2 x2apic popcnt tsc_deadline_timer xsave avx lahf_lm ida arat epb xsaveopt pln pts dtherm tpr_shadow vnmi flexpriority ept vpid
bogomips	: 4589.86
clflush size	: 64
cache_alignment	: 64
address sizes	: 36 bits physical, 48 bits virtual
power management:



Memory: 4k page, physical 4063836k(229628k free), swap 5998588k(5997996k free)

vm_info: Java HotSpot(TM) Server VM (20.13-b02) for linux-x86 JRE (1.6.0_38-b05), built on Nov 14 2012 02:02:51 by "java_re" with gcc 3.2.1-7a (J2SE release)

time: Wed Jul  3 00:05:01 2013
elapsed time: 0 seconds

